app/build/intermediates/manifest_merge_blame_file/debug/manifest-merger-blame-debug-report.txt
1<?xml version="1.0" encoding="utf-8"?>
2<manifest xmlns:android="http://schemas.android.com/apk/res/android"
3    package="com.abhay.mirrarscalerassessment"
4    android:versionCode="1"
5    android:versionName="1.0" >
6
7    <uses-sdk
8        android:minSdkVersion="24"
8-->src\main\AndroidManifest.xml
9        android:targetSdkVersion="33" />
9-->src\main\AndroidManifest.xml
10
11    <uses-permission android:name="android.permission.INTERNET" />
11-->src\main\AndroidManifest.xml:4:5-67
11-->src\main\AndroidManifest.xml:4:22-64
12
13    <permission
13-->[androidx.core:core:1.9.0] AndroidManifest.xml:22:5-24:47
14        android:name="com.abhay.mirrarscalerassessment.DYNAMIC_RECEIVER_NOT_EXPORTED_PERMISSION"
14-->[androidx.core:core:1.9.0] AndroidManifest.xml:23:9-81
15        android:protectionLevel="signature" />
15-->[androidx.core:core:1.9.0] AndroidManifest.xml:24:9-44
16
17    <uses-permission android:name="com.abhay.mirrarscalerassessment.DYNAMIC_RECEIVER_NOT_EXPORTED_PERMISSION" />
17-->[androidx.core:core:1.9.0] AndroidManifest.xml:26:5-97
17-->[androidx.core:core:1.9.0] AndroidManifest.xml:26:22-94
18
19    <application
19-->src\main\AndroidManifest.xml:7:5-26:19
20        android:allowBackup="true"
20-->src\main\AndroidManifest.xml:8:9-35
21        android:appComponentFactory="androidx.core.app.CoreComponentFactory"
21-->[androidx.core:core:1.9.0] AndroidManifest.xml:28:18-86
22        android:dataExtractionRules="@xml/data_extraction_rules"
22-->src\main\AndroidManifest.xml:9:9-65
23        android:debuggable="true"
24        android:extractNativeLibs="false"
25        android:fullBackupContent="@xml/backup_rules"
25-->src\main\AndroidManifest.xml:10:9-54
26        android:icon="@mipmap/ic_launcher"
26-->src\main\AndroidManifest.xml:11:9-43
27        android:label="@string/app_name"
27-->src\main\AndroidManifest.xml:12:9-41
28        android:roundIcon="@mipmap/ic_launcher_round"
28-->src\main\AndroidManifest.xml:13:9-54
29        android:supportsRtl="true"
29-->src\main\AndroidManifest.xml:14:9-35
30        android:testOnly="true"
31        android:theme="@style/Base.Theme.MirrarScalerAssessment" >
31-->src\main\AndroidManifest.xml:15:9-65
32        <activity
32-->src\main\AndroidManifest.xml:17:9-25:20
33            android:name="com.abhay.mirrarscalerassessment.MainActivity"
33-->src\main\AndroidManifest.xml:18:13-41
34            android:exported="true" >
34-->src\main\AndroidManifest.xml:19:13-36
35            <intent-filter>
35-->src\main\AndroidManifest.xml:20:13-24:29
36                <action android:name="android.intent.action.MAIN" />
36-->src\main\AndroidManifest.xml:21:17-69
36-->src\main\AndroidManifest.xml:21:25-66
37
38                <category android:name="android.intent.category.LAUNCHER" />
38-->src\main\AndroidManifest.xml:23:17-77
38-->src\main\AndroidManifest.xml:23:27-74
39            </intent-filter>
40        </activity>
41
42        <service
42-->[androidx.room:room-runtime:2.5.2] AndroidManifest.xml:24:9-28:63
43            android:name="androidx.room.MultiInstanceInvalidationService"
43-->[androidx.room:room-runtime:2.5.2] AndroidManifest.xml:25:13-74
44            android:directBootAware="true"
44-->[androidx.room:room-runtime:2.5.2] AndroidManifest.xml:26:13-43
45            android:exported="false" />
45-->[androidx.room:room-runtime:2.5.2] AndroidManifest.xml:27:13-37
46
47        <provider
47-->[androidx.emoji2:emoji2:1.2.0] AndroidManifest.xml:24:9-32:20
48            android:name="androidx.startup.InitializationProvider"
48-->[androidx.emoji2:emoji2:1.2.0] AndroidManifest.xml:25:13-67
49            android:authorities="com.abhay.mirrarscalerassessment.androidx-startup"
49-->[androidx.emoji2:emoji2:1.2.0] AndroidManifest.xml:26:13-68
50            android:exported="false" >
50-->[androidx.emoji2:emoji2:1.2.0] AndroidManifest.xml:27:13-37
51            <meta-data
51-->[androidx.emoji2:emoji2:1.2.0] AndroidManifest.xml:29:13-31:52
52                android:name="androidx.emoji2.text.EmojiCompatInitializer"
52-->[androidx.emoji2:emoji2:1.2.0] AndroidManifest.xml:30:17-75
53                android:value="androidx.startup" />
53-->[androidx.emoji2:emoji2:1.2.0] AndroidManifest.xml:31:17-49
54            <meta-data
54-->[androidx.lifecycle:lifecycle-process:2.4.1] AndroidManifest.xml:31:13-33:52
55                android:name="androidx.lifecycle.ProcessLifecycleInitializer"
55-->[androidx.lifecycle:lifecycle-process:2.4.1] AndroidManifest.xml:32:17-78
56                android:value="androidx.startup" />
56-->[androidx.lifecycle:lifecycle-process:2.4.1] AndroidManifest.xml:33:17-49
57        </provider>
58    </application>
59
60</manifest>